{
  "message": "Cannot assign \"6\": \"Follower.user\" must be a \"CustomUser\" instance.",
  "levelname": "ERROR",
  "asctime": "2024-03-02 14:26:34,378",
  "pathname": "/home/neolize/Neolize/Python/Django projects/Django Net/django_net_core/applications/user_profiles/services/crud/create.py",
  "funcName": "create_new_follower",
  "lineno": 114
}
{
  "message": "Cannot assign \"6\": \"Follower.user\" must be a \"CustomUser\" instance.",
  "levelname": "ERROR",
  "asctime": "2024-03-02 14:28:24,677",
  "pathname": "/home/neolize/Neolize/Python/Django projects/Django Net/django_net_core/applications/user_profiles/services/crud/create.py",
  "funcName": "create_new_follower",
  "lineno": 114
}
{
  "message": "Group with slug - create_post does not exist. Group matching query does not exist.",
  "levelname": "WARNING",
  "asctime": "2024-03-14 14:44:19,248",
  "pathname": "/home/neolize/Neolize/Python/Django projects/Django Net/django_net_core/applications/groups/services/crud/read.py",
  "funcName": "get_group_by_slug",
  "lineno": 16
}
{
  "message": "Group with slug - create_post does not exist. Group matching query does not exist.",
  "levelname": "WARNING",
  "asctime": "2024-03-14 14:46:03,192",
  "pathname": "/home/neolize/Neolize/Python/Django projects/Django Net/django_net_core/applications/groups/services/crud/read.py",
  "funcName": "get_group_by_slug",
  "lineno": 16
}
{
  "message": "Group with slug - create_post does not exist. Group matching query does not exist.",
  "levelname": "WARNING",
  "asctime": "2024-03-14 14:46:28,958",
  "pathname": "/home/neolize/Neolize/Python/Django projects/Django Net/django_net_core/applications/groups/services/crud/read.py",
  "funcName": "get_group_by_slug",
  "lineno": 16
}
{
  "message": "Group() got unexpected keyword arguments: 'member', 'group'",
  "levelname": "ERROR",
  "asctime": "2024-03-28 14:52:32,895",
  "pathname": "/home/neolize/Neolize/Python/Django projects/Django Net/django_net_core/applications/groups/services/crud/create.py",
  "funcName": "create_new_group_follower",
  "lineno": 54
}
{
  "message": "Group with slug - metal-gear-rising-revengeancea does not exist. Group matching query does not exist.",
  "levelname": "WARNING",
  "asctime": "2024-03-30 14:35:59,990",
  "pathname": "/home/neolize/Neolize/Python/Django projects/Django Net/django_net_core/applications/groups/services/crud/read.py",
  "funcName": "get_group_by_slug",
  "lineno": 16
}
{
  "message": "Group with slug - create_group_post does not exist. Group matching query does not exist.",
  "levelname": "WARNING",
  "asctime": "2024-03-30 14:47:18,433",
  "pathname": "/home/neolize/Neolize/Python/Django projects/Django Net/django_net_core/applications/groups/services/crud/read.py",
  "funcName": "get_group_by_slug",
  "lineno": 16
}
{
  "message": "Group with slug - create_group_post does not exist. Group matching query does not exist.",
  "levelname": "WARNING",
  "asctime": "2024-03-30 14:49:28,657",
  "pathname": "/home/neolize/Neolize/Python/Django projects/Django Net/django_net_core/applications/groups/services/crud/read.py",
  "funcName": "get_group_by_slug",
  "lineno": 16
}
{
  "message": "duplicate key value violates unique constraint \"tag_title_key\"\nDETAIL:  Key (title)=(news) already exists.\n",
  "levelname": "ERROR",
  "asctime": "2024-04-06 14:43:36,670",
  "pathname": "/home/neolize/Neolize/Python/Django projects/Django Net/django_net_core/applications/groups/services/crud/create.py",
  "funcName": "_create_group_post",
  "lineno": 99
}
{
  "message": "duplicate key value violates unique constraint \"tag_title_key\"\nDETAIL:  Key (title)=(news) already exists.\n",
  "levelname": "ERROR",
  "asctime": "2024-04-06 14:43:40,303",
  "pathname": "/home/neolize/Neolize/Python/Django projects/Django Net/django_net_core/applications/groups/services/crud/create.py",
  "funcName": "_create_group_post",
  "lineno": 99
}
{
  "message": "local variable 'created_tag' referenced before assignment",
  "levelname": "ERROR",
  "asctime": "2024-04-06 14:55:05,780",
  "pathname": "/home/neolize/Neolize/Python/Django projects/Django Net/django_net_core/applications/groups/services/crud/create.py",
  "funcName": "_create_group_post",
  "lineno": 99
}
